.====================================================================.
                                                                      
 .d8888b.   .o8888b.   db  .d8888b.  d8888b. d88888b d8888b.  .d888b. 
.8P    Y8. d8P    Y8   88 .8P    Y8. 88  `8D 88'     88  `8D .8P , Y8.
88      88 8P      oooo88 88      88 88oooY' 88oooo  88oobY' 88  |  88
88      88 8b      ~~~~88 88      88 88~~~b. 88~~~~  88`8b   88  |/ 88
`8b    d8' Y8b    d8   88 `8b    d8' 88   8D 88.     88 `88. `8b | d8'
 `Y8888P'   `Y8888P'   YP  `Y8888P'  Y8888P' Y88888P 88   YD  `Y888P' 
                                                                      
`========================== INSTALLATION LOG ========================'

[2018/05/02 01:50:07] Host: Windows NT DESKTOP-OLH01KC 10.0 build 16299 (Windows 10) i586
[2018/05/02 01:50:07] PHP version: 7.1.6
[2018/05/02 01:50:07] Server software: Apache/2.4.25 (Win32) OpenSSL/1.0.2j PHP/7.1.6
[2018/05/02 01:50:07] Operating system: WINNT
[2018/05/02 01:50:07] Memory limit: 1024M
[2018/05/02 01:50:07] Max execution time: 3600
.============================ POST REQUEST ==========================.
[2018/05/02 01:50:07] Postback payload: Array
(
    [code] => phpVersion
    [handler] => onCheckRequirement
)

[2018/05/02 01:50:07] System check: phpVersion
[2018/05/02 01:50:07] Requirement phpVersion +OK
[2018/05/02 01:50:07] Execute handler (onCheckRequirement): Array
(
    [result] => 1
)

.============================ POST REQUEST ==========================.
[2018/05/02 01:50:08] Postback payload: Array
(
    [code] => curlLibrary
    [handler] => onCheckRequirement
)

[2018/05/02 01:50:08] System check: curlLibrary
[2018/05/02 01:50:08] Requirement curlLibrary +OK
[2018/05/02 01:50:08] Execute handler (onCheckRequirement): Array
(
    [result] => 1
)

.============================ POST REQUEST ==========================.
[2018/05/02 01:50:09] Postback payload: Array
(
    [code] => liveConnection
    [handler] => onCheckRequirement
)

[2018/05/02 01:50:09] System check: liveConnection
[2018/05/02 01:50:09] Server request: ping
[2018/05/02 01:50:09] Request information: Array
(
    [url] => http://octobercms.com/api/ping
    [content_type] => application/json
    [http_code] => 200
    [header_size] => 361
    [request_size] => 171
    [filetime] => -1
    [ssl_verify_result] => 0
    [redirect_count] => 0
    [total_time] => 0.625
    [namelookup_time] => 0.015
    [connect_time] => 0.062
    [pretransfer_time] => 0.062
    [size_upload] => 40
    [size_download] => 12
    [speed_download] => 19
    [speed_upload] => 64
    [download_content_length] => 12
    [upload_content_length] => 40
    [starttransfer_time] => 0.625
    [redirect_time] => 0
    [redirect_url] => 
    [primary_ip] => 104.24.113.12
    [certinfo] => Array
        (
        )

    [primary_port] => 80
    [local_ip] => 192.168.1.102
    [local_port] => 57138
)

[2018/05/02 01:50:09] Requirement liveConnection +OK
[2018/05/02 01:50:09] Execute handler (onCheckRequirement): Array
(
    [result] => 1
)

.============================ POST REQUEST ==========================.
[2018/05/02 01:50:10] Postback payload: Array
(
    [code] => writePermission
    [handler] => onCheckRequirement
)

[2018/05/02 01:50:10] System check: writePermission
[2018/05/02 01:50:10] Requirement writePermission +OK
[2018/05/02 01:50:10] Execute handler (onCheckRequirement): Array
(
    [result] => 1
)

.============================ POST REQUEST ==========================.
[2018/05/02 01:50:10] Postback payload: Array
(
    [code] => pdoLibrary
    [handler] => onCheckRequirement
)

[2018/05/02 01:50:10] System check: pdoLibrary
[2018/05/02 01:50:10] Requirement pdoLibrary +OK
[2018/05/02 01:50:10] Execute handler (onCheckRequirement): Array
(
    [result] => 1
)

.============================ POST REQUEST ==========================.
[2018/05/02 01:50:11] Postback payload: Array
(
    [code] => mbstringLibrary
    [handler] => onCheckRequirement
)

[2018/05/02 01:50:11] System check: mbstringLibrary
[2018/05/02 01:50:11] Requirement mbstringLibrary +OK
[2018/05/02 01:50:11] Execute handler (onCheckRequirement): Array
(
    [result] => 1
)

.============================ POST REQUEST ==========================.
[2018/05/02 01:50:11] Postback payload: Array
(
    [code] => fileinfoLibrary
    [handler] => onCheckRequirement
)

[2018/05/02 01:50:11] System check: fileinfoLibrary
[2018/05/02 01:50:11] Requirement fileinfoLibrary +OK
[2018/05/02 01:50:11] Execute handler (onCheckRequirement): Array
(
    [result] => 1
)

.============================ POST REQUEST ==========================.
[2018/05/02 01:50:12] Postback payload: Array
(
    [code] => sslLibrary
    [handler] => onCheckRequirement
)

[2018/05/02 01:50:12] System check: sslLibrary
[2018/05/02 01:50:12] Requirement sslLibrary +OK
[2018/05/02 01:50:12] Execute handler (onCheckRequirement): Array
(
    [result] => 1
)

.============================ POST REQUEST ==========================.
[2018/05/02 01:50:12] Postback payload: Array
(
    [code] => zipLibrary
    [handler] => onCheckRequirement
)

[2018/05/02 01:50:12] System check: zipLibrary
[2018/05/02 01:50:12] Requirement zipLibrary +OK
[2018/05/02 01:50:12] Execute handler (onCheckRequirement): Array
(
    [result] => 1
)

.============================ POST REQUEST ==========================.
[2018/05/02 01:50:13] Postback payload: Array
(
    [code] => gdLibrary
    [handler] => onCheckRequirement
)

[2018/05/02 01:50:13] System check: gdLibrary
[2018/05/02 01:50:13] Requirement gdLibrary +OK
[2018/05/02 01:50:13] Execute handler (onCheckRequirement): Array
(
    [result] => 1
)

.============================ POST REQUEST ==========================.
[2018/05/02 01:51:02] Postback payload: Array
(
    [db_type] => mysql
    [db_host] => localhost
    [db_port] => 
    [db_name] => cvsmart
    [db_user] => root
    [db_pass] => *******
    [admin_first_name] => Admin
    [admin_last_name] => Person
    [admin_email] => *******@*****.com
    [admin_login] => admin
    [admin_password] => *******
    [admin_confirm_password] => *******
    [backend_uri] => /backend
    [encryption_code] => *******
    [file_mask] => 777
    [folder_mask] => 777
    [handler] => onValidateDatabase
)

[2018/05/02 01:51:02] Handler error (onValidateDatabase): Connection failed: SQLSTATE[HY000] [1049] Unknown database 'cvsmart'
[2018/05/02 01:51:02] Trace log:
#0 D:\xampp\htdocs\cars\install_files\php\Installer.php(48): Installer->onValidateDatabase()
#1 D:\xampp\htdocs\cars\install_files\php\boot.php(74): Installer->__construct()
#2 D:\xampp\htdocs\cars\install.php(1): include('D:\\xampp\\htdocs...')
#3 {main}
.============================ POST REQUEST ==========================.
[2018/05/02 01:51:30] Postback payload: Array
(
    [db_type] => mysql
    [db_host] => localhost
    [db_port] => 
    [db_name] => cvsmart
    [db_user] => root
    [db_pass] => *******
    [admin_first_name] => Admin
    [admin_last_name] => Person
    [admin_email] => *******@*****.com
    [admin_login] => admin
    [admin_password] => *******
    [admin_confirm_password] => *******
    [backend_uri] => /backend
    [encryption_code] => *******
    [file_mask] => 777
    [folder_mask] => 777
    [handler] => onValidateDatabase
)

.============================ POST REQUEST ==========================.
[2018/05/02 01:51:30] Postback payload: Array
(
    [db_type] => mysql
    [db_host] => localhost
    [db_port] => 
    [db_name] => cvsmart
    [db_user] => root
    [db_pass] => *******
    [admin_first_name] => Admin
    [admin_last_name] => Person
    [admin_email] => *******@*****.com
    [admin_login] => admin
    [admin_password] => *******
    [admin_confirm_password] => *******
    [backend_uri] => /backend
    [encryption_code] => *******
    [file_mask] => 777
    [folder_mask] => 777
    [handler] => onValidateAdminAccount
)

.============================ POST REQUEST ==========================.
[2018/05/02 01:51:30] Postback payload: Array
(
    [db_type] => mysql
    [db_host] => localhost
    [db_port] => 
    [db_name] => cvsmart
    [db_user] => root
    [db_pass] => *******
    [admin_first_name] => Admin
    [admin_last_name] => Person
    [admin_email] => *******@*****.com
    [admin_login] => admin
    [admin_password] => *******
    [admin_confirm_password] => *******
    [backend_uri] => /backend
    [encryption_code] => *******
    [file_mask] => 777
    [folder_mask] => 777
    [handler] => onValidateAdvancedConfig
)

.============================ POST REQUEST ==========================.
[2018/05/02 01:51:37] Postback payload: Array
(
    [step] => getMetaData
    [meta] => 
    [handler] => onInstallStep
)

[2018/05/02 01:51:37] Install step: getMetaData
[2018/05/02 01:51:38] Server request: core/install
[2018/05/02 01:51:38] Request information: Array
(
    [url] => http://octobercms.com/api/core/install
    [content_type] => application/json
    [http_code] => 200
    [header_size] => 362
    [request_size] => 179
    [filetime] => -1
    [ssl_verify_result] => 0
    [redirect_count] => 0
    [total_time] => 0.641
    [namelookup_time] => 0.016
    [connect_time] => 0.047
    [pretransfer_time] => 0.047
    [size_upload] => 40
    [size_download] => 132
    [speed_download] => 205
    [speed_upload] => 62
    [download_content_length] => 132
    [upload_content_length] => 40
    [starttransfer_time] => 0.641
    [redirect_time] => 0
    [redirect_url] => 
    [primary_ip] => 104.24.113.12
    [certinfo] => Array
        (
        )

    [primary_port] => 80
    [local_ip] => 192.168.1.102
    [local_port] => 57217
)

[2018/05/02 01:51:38] Step getMetaData +OK
[2018/05/02 01:51:38] Execute handler (onInstallStep): Array
(
    [result] => Array
        (
            [core] => Array
                (
                    [hash] => 0495b4f0b4f42cccdd3e9b3424235517
                    [build] => 434
                    [uhash] => eb0dccd7698b8d533b4758b812ea10ad
                )

            [plugins] => Array
                (
                )

            [themes] => Array
                (
                )

        )

)

.============================ POST REQUEST ==========================.
[2018/05/02 01:51:38] Postback payload: Array
(
    [step] => downloadCore
    [meta] => Array
        (
            [core] => Array
                (
                    [hash] => 0495b4f0b4f42cccdd3e9b3424235517
                    [build] => 434
                    [uhash] => eb0dccd7698b8d533b4758b812ea10ad
                )

        )

    [handler] => onInstallStep
)

[2018/05/02 01:51:38] Install step: downloadCore
[2018/05/02 01:51:43] Saving to file (core): D:/xampp/htdocs/cars/install_files/temp/a74ad8dfacd4f985eb3977517615ce25.arc
[2018/05/02 01:51:43] Step downloadCore +OK
[2018/05/02 01:51:43] Execute handler (onInstallStep): Array
(
    [result] => 
)

.============================ POST REQUEST ==========================.
[2018/05/02 01:51:43] Postback payload: Array
(
    [step] => extractCore
    [meta] => Array
        (
            [core] => Array
                (
                    [hash] => 0495b4f0b4f42cccdd3e9b3424235517
                    [build] => 434
                    [uhash] => eb0dccd7698b8d533b4758b812ea10ad
                )

        )

    [handler] => onInstallStep
)

[2018/05/02 01:51:43] Install step: extractCore
[2018/05/02 01:51:43] Extracting file (core): a74ad8dfacd4f985eb3977517615ce25.arc
[2018/05/02 01:52:47] Step extractCore +OK
[2018/05/02 01:52:47] Execute handler (onInstallStep): Array
(
    [result] => 1
)

.============================ POST REQUEST ==========================.
[2018/05/02 01:52:47] Postback payload: Array
(
    [step] => setupConfig
    [meta] => Array
        (
            [core] => Array
                (
                    [hash] => 0495b4f0b4f42cccdd3e9b3424235517
                    [build] => 434
                    [uhash] => eb0dccd7698b8d533b4758b812ea10ad
                )

        )

    [db_type] => mysql
    [db_host] => localhost
    [db_port] => 
    [db_name] => cvsmart
    [db_user] => root
    [db_pass] => *******
    [admin_first_name] => Admin
    [admin_last_name] => Person
    [admin_email] => *******@*****.com
    [admin_login] => admin
    [admin_password] => *******
    [admin_confirm_password] => *******
    [backend_uri] => /backend
    [encryption_code] => *******
    [file_mask] => 777
    [folder_mask] => 777
    [handler] => onInstallStep
)

[2018/05/02 01:52:47] Install step: setupConfig
[2018/05/02 11:52:47] Step setupConfig +OK
[2018/05/02 11:52:47] Execute handler (onInstallStep): Array
(
    [result] => 
)

.============================ POST REQUEST ==========================.
[2018/05/02 01:52:48] Postback payload: Array
(
    [step] => createAdmin
    [meta] => Array
        (
            [core] => Array
                (
                    [hash] => 0495b4f0b4f42cccdd3e9b3424235517
                    [build] => 434
                    [uhash] => eb0dccd7698b8d533b4758b812ea10ad
                )

        )

    [db_type] => mysql
    [db_host] => localhost
    [db_port] => 
    [db_name] => cvsmart
    [db_user] => root
    [db_pass] => *******
    [admin_first_name] => Admin
    [admin_last_name] => Person
    [admin_email] => *******@*****.com
    [admin_login] => admin
    [admin_password] => *******
    [admin_confirm_password] => *******
    [backend_uri] => /backend
    [encryption_code] => *******
    [file_mask] => 777
    [folder_mask] => 777
    [handler] => onInstallStep
)

[2018/05/02 01:52:48] Install step: createAdmin
[2018/05/02 11:53:06] Step createAdmin +OK
[2018/05/02 11:53:06] Execute handler (onInstallStep): Array
(
    [result] => 
)

.============================ POST REQUEST ==========================.
[2018/05/02 01:53:06] Postback payload: Array
(
    [disableLog] => 1
)

[2018/05/02 01:53:06] Install step: setupProject
[2018/05/02 01:53:06] Step setupProject +OK
[2018/05/02 01:53:06] Execute handler (onInstallStep): Array
(
    [result] => 
)

.============================ POST REQUEST ==========================.
[2018/05/02 01:53:06] Postback payload: Array
(
    [step] => finishInstall
    [meta] => Array
        (
            [core] => Array
                (
                    [hash] => 0495b4f0b4f42cccdd3e9b3424235517
                    [build] => 434
                    [uhash] => eb0dccd7698b8d533b4758b812ea10ad
                )

        )

    [hash] => 0495b4f0b4f42cccdd3e9b3424235517
    [build] => 434
    [uhash] => eb0dccd7698b8d533b4758b812ea10ad
    [handler] => onInstallStep
)

[2018/05/02 01:53:06] Install step: finishInstall
[2018/05/02 11:53:06] Cleaning up file: a74ad8dfacd4f985eb3977517615ce25.arc
[2018/05/02 11:53:06] Step finishInstall +OK
[2018/05/02 11:53:06] Execute handler (onInstallStep): Array
(
    [result] => 
)

